<?xml version="1.0" encoding="UTF-8"?>
<!-- Generated by org.testng.reporters.JUnitReportReporter -->
<testsuite hostname="DESKTOP-TSIB13E" failures="0" tests="3" name="Dynamic_json" time="2.334" errors="0" timestamp="2023-12-24T11:17:46 IST" skipped="0">
  <testcase classname="Dynamic_json" name="addBook" time="2.004"/>
  <testcase classname="Dynamic_json" name="addBook" time="0.161"/>
  <testcase classname="Dynamic_json" name="addBook" time="0.169"/>
</testsuite> <!-- Dynamic_json -->
