<?xml version="1.0" encoding="UTF-8"?>
<!-- Generated by org.testng.reporters.JUnitReportReporter -->
<testsuite hostname="DESKTOP-TSIB13E" failures="0" tests="1" name="sumvalidation" time="1.245" errors="0" timestamp="2023-11-25T12:55:42 IST" skipped="0">
  <testcase classname="sumvalidation" name="add" time="1.245"/>
</testsuite> <!-- sumvalidation -->
